============================= test session starts ==============================
platform darwin -- Python 3.14.3, pytest-8.3.3, pluggy-1.6.0
rootdir: /Users/dev/Downloads/qa-home-assignment/automation
configfile: pytest.ini
plugins: allure-pytest-2.13.5
collected 2 items

tests/test_api_stake_validation.py F                                     [ 50%]
tests/test_e2e_bet_placement.py F                                        [100%]

=================================== FAILURES ===================================
___________________ test_stake_exceeding_balance_is_rejected ___________________

api_client = <api.client.BettingApiClient object at 0x10a291400>
reset_balance = None

    @allure.feature("Single Bet Placement")
    @allure.story("TC-04 Stake above balance (API)")
    @allure.severity(allure.severity_level.CRITICAL)
    @pytest.mark.api
    @pytest.mark.critical
    def test_stake_exceeding_balance_is_rejected(api_client, reset_balance):
        with allure.step(f"Precondition: lower the balance with a €{PRECONDITION_STAKE:.2f} bet"):
            matches = api_client.get_matches().json()
            assert matches, "GET /api/matches returned no matches; precondition not met."
            match_id = matches[0]["id"]
    
            setup = api_client.place_bet(match_id=match_id, selection="HOME", stake=PRECONDITION_STAKE)
            assert setup.status_code == 200, f"Precondition bet failed: {setup.status_code} {setup.text}"
            balance_before = api_client.get_balance().json()["balance"]
            assert 0 < balance_before < OVER_BALANCE_STAKE, (
                f"Precondition not met: balance {balance_before} must be below the test stake."
            )
    
        with allure.step(f"Place a €{OVER_BALANCE_STAKE:.2f} bet above the balance"):
            response = api_client.place_bet(match_id=match_id, selection="HOME", stake=OVER_BALANCE_STAKE)
            balance_after = api_client.get_balance().json()["balance"]
        allure.attach(response.text, name="place-bet-response", attachment_type=allure.attachment_type.JSON)
    
>       assert response.status_code == 422, (
            f"Stake €{OVER_BALANCE_STAKE:.2f} above balance €{balance_before:.2f}: expected HTTP 422, "
            f"actual {response.status_code}. Balance is now €{balance_after:.2f}. "
            f"Response: {response.text}"
        )
E       AssertionError: Stake €50.00 above balance €20.00: expected HTTP 422, actual 200. Balance is now €-30.00. Response: {"message":"Bet placed successfully","matchId":"premier-league-manutd-chelsea","selection":"HOME","stake":50,"odds":2.45,"payout":122.5,"balance":-30,"currency":"USD"}
E       assert 200 == 422
E        +  where 200 = <Response [200]>.status_code

tests/test_api_stake_validation.py:43: AssertionError
____________ test_valid_bet_placement_succeeds_and_updates_balance _____________

driver = <selenium.webdriver.chrome.webdriver.WebDriver (session="72c6d290861f4be88447e49fb87b95b0")>
reset_balance = None

    @allure.feature("Single Bet Placement")
    @allure.story("TC-01 Valid bet placement (UI)")
    @allure.severity(allure.severity_level.CRITICAL)
    @pytest.mark.e2e
    @pytest.mark.critical
    def test_valid_bet_placement_succeeds_and_updates_balance(driver, reset_balance):
        matches_page = MatchesPage(driver)
        bet_slip = BetSlipPage(driver)
        expected_payout = f"€{float(STAKE) * HOME_ODDS:.2f}"
    
        with allure.step("Select HOME odds of the first match"):
            matches_page.load().select_first_match_home_odds()
            balance_before = bet_slip.current_balance()
    
        with allure.step(f"Enter stake €{STAKE} and place the bet"):
            bet_slip.enter_stake(STAKE).place_bet()
            receipt = bet_slip.wait_for_receipt()
            balance_after = bet_slip.wait_for_balance_change(balance_before)
        allure.attach(receipt, name="receipt-text", attachment_type=allure.attachment_type.TEXT)
    
        expected_match = f"{HOME_TEAM} vs {AWAY_TEAM}"
        expected_balance = round(balance_before - float(STAKE), 2)
        payout_found = re.search(r"Potential Payout\s*(€[\d.,]+)", receipt)
        match_found = re.search(r"MATCH\s*\n?\s*(.+)", receipt)
    
        deviations = []
        if not re.search(r"#B-\d+", receipt):
            deviations.append("Receipt bet ID: expected '#B-nnnnn', not found.")
        if f"€{STAKE}" not in receipt:
            deviations.append(f"Receipt stake: expected €{STAKE}, not found.")
        if expected_payout not in receipt:
            deviations.append(
                f"Receipt potential payout: expected {expected_payout} (stake €{STAKE} x odds "
                f"{HOME_ODDS}), actual {payout_found.group(1) if payout_found else 'not found'}."
            )
        if expected_match not in receipt:
            deviations.append(
                f"Receipt match: expected '{expected_match}' (home team first), "
                f"actual '{match_found.group(1).strip() if match_found else 'not found'}'."
            )
        if round(balance_after, 2) != expected_balance:
            deviations.append(
                f"Header balance after bet: expected €{expected_balance:.2f} "
                f"(€{balance_before:.2f} - €{STAKE}), actual €{balance_after:.2f}."
            )
    
>       assert not deviations, (
            "TC-01 deviations:\n- " + "\n- ".join(deviations)
            + "\nReceipt text: " + receipt.replace("\n", " | ")
        )
E       AssertionError: TC-01 deviations:
E         - Receipt potential payout: expected €24.50 (stake €10.00 x odds 2.45), actual €20.00.
E         - Receipt match: expected 'Manchester Utd vs Chelsea' (home team first), actual 'Chelsea vs Manchester Utd'.
E         - Header balance after bet: expected €110.00 (€120.00 - €10.00), actual €120.00.
E         Receipt text: Bet Placed Successfully! | Bet ID | #B-58300 | MATCH | Chelsea vs Manchester Utd | STAKE | €10.00 | ODDS | 2.45 | Potential Payout | €20.00 | TODAY, 09:06 PM | CLOSE
E       assert not ['Receipt potential payout: expected €24.50 (stake €10.00 x odds 2.45), actual €20.00.', "Receipt match: expected 'Man...actual 'Chelsea vs Manchester Utd'.", 'Header balance after bet: expected €110.00 (€120.00 - €10.00), actual €120.00.']

tests/test_e2e_bet_placement.py:72: AssertionError
=========================== short test summary info ============================
FAILED tests/test_api_stake_validation.py::test_stake_exceeding_balance_is_rejected
FAILED tests/test_e2e_bet_placement.py::test_valid_bet_placement_succeeds_and_updates_balance
============================== 2 failed in 19.12s ==============================
